00:11:32 **** Incremental Build of configuration Debug for project eclipse_project ****
make all 
Building file: ../miniProject.c
Invoking: AVR Compiler
avr-gcc -Wall -g2 -gstabs -O0 -fpack-struct -fshort-enums -ffunction-sections -fdata-sections -std=gnu99 -funsigned-char -funsigned-bitfields -mmcu=atmega32 -DF_CPU=16000000UL -MMD -MP -MF"miniProject.d" -MT"miniProject.o" -c -o "miniProject.o" "../miniProject.c"
In file included from ../miniProject.c:10:
c:/winavr-20100110/lib/gcc/../../avr/include/util/delay.h:90:3: warning: #warning "Compiler optimizations disabled; functions from <util/delay.h> won't work as designed"
Finished building: ../miniProject.c
 
Building target: eclipse_project.elf
Invoking: AVR C Linker
avr-gcc -Wl,-Map,eclipse_project.map -mmcu=atmega32 -o "eclipse_project.elf"  ./miniProject.o   
Finished building target: eclipse_project.elf
 
Invoking: AVR Create Extended Listing
avr-objdump -h -S eclipse_project.elf  >"eclipse_project.lss"
Finished building: eclipse_project.lss
 
Create Flash image (ihex format)
avr-objcopy -R .eeprom -R .fuse -R .lock -R .signature -O ihex eclipse_project.elf  "eclipse_project.hex"
Finished building: eclipse_project.hex
 
Invoking: Print Size
avr-size --format=avr --mcu=atmega32 eclipse_project.elf
AVR Memory Usage
----------------
Device: atmega32

Program:    9272 bytes (28.3% Full)
(.text + .data + .bootloader)

Data:         14 bytes (0.7% Full)
(.data + .bss + .noinit)


Finished building: sizedummy
 
